# JRE version: Java(TM) SE Runtime Environment (8.0_72-b15) (build 1.8.0_72-b15)
# Java VM: Java HotSpot(TM) 64-Bit Server VM (25.72-b15 mixed mode bsd-amd64 compressed oops)
Heap:
 PSYoungGen      total 450560K, used 298666K [0x00000007a0000000, 0x00000007be800000, 0x00000007c0000000)
  eden space 412160K, 68% used [0x00000007a0000000,0x00000007b154e920,0x00000007b9280000)
  from space 38400K, 38% used [0x00000007bb780000,0x00000007bc5dc010,0x00000007bdd00000)
  to   space 37888K, 0% used [0x00000007b9280000,0x00000007b9280000,0x00000007bb780000)
 ParOldGen       total 326144K, used 46139K [0x0000000760000000, 0x0000000773e80000, 0x00000007a0000000)
  object space 326144K, 14% used [0x0000000760000000,0x0000000762d0ec78,0x0000000773e80000)
 Metaspace       used 81828K, capacity 92320K, committed 97536K, reserved 1134592K
  class space    used 10247K, capacity 10656K, committed 12032K, reserved 1048576K
GC Heap History (10 events):
Event: 17020.960 GC heap before
{Heap before GC invocations=184 (full 53):
 PSYoungGen      total 441344K, used 14845K [0x00000007a0000000, 0x00000007bf480000, 0x00000007c0000000)
  eden space 426496K, 0% used [0x00000007a0000000,0x00000007a0000000,0x00000007ba080000)
  from space 14848K, 99% used [0x00000007ba080000,0x00000007baeff560,0x00000007baf00000)
  to   space 43008K, 0% used [0x00000007bca80000,0x00000007bca80000,0x00000007bf480000)
 ParOldGen       total 326144K, used 50553K [0x0000000760000000, 0x0000000773e80000, 0x00000007a0000000)
  object space 326144K, 15% used [0x0000000760000000,0x000000076315e7a0,0x0000000773e80000)
 Metaspace       used 84496K, capacity 96594K, committed 97280K, reserved 1134592K
  class space    used 10800K, capacity 11635K, committed 12032K, reserved 1048576K
Event: 17021.497 GC heap after
Heap after GC invocations=184 (full 53):
 PSYoungGen      total 441344K, used 0K [0x00000007a0000000, 0x00000007bf480000, 0x00000007c0000000)
  eden space 426496K, 0% used [0x00000007a0000000,0x00000007a0000000,0x00000007ba080000)
  from space 14848K, 0% used [0x00000007ba080000,0x00000007ba080000,0x00000007baf00000)
  to   space 43008K, 0% used [0x00000007bca80000,0x00000007bca80000,0x00000007bf480000)
 ParOldGen       total 326144K, used 64448K [0x0000000760000000, 0x0000000773e80000, 0x00000007a0000000)
  object space 326144K, 19% used [0x0000000760000000,0x0000000763ef0360,0x0000000773e80000)
 Metaspace       used 84346K, capacity 96244K, committed 97280K, reserved 1134592K
  class space    used 10770K, capacity 11590K, committed 12032K, reserved 1048576K
}
Event: 20166.492 GC heap before
{Heap before GC invocations=185 (full 53):
 PSYoungGen      total 441344K, used 426496K [0x00000007a0000000, 0x00000007bf480000, 0x00000007c0000000)
  eden space 426496K, 100% used [0x00000007a0000000,0x00000007ba080000,0x00000007ba080000)
  from space 14848K, 0% used [0x00000007ba080000,0x00000007ba080000,0x00000007baf00000)
  to   space 43008K, 0% used [0x00000007bca80000,0x00000007bca80000,0x00000007bf480000)
 ParOldGen       total 326144K, used 64448K [0x0000000760000000, 0x0000000773e80000, 0x00000007a0000000)
  object space 326144K, 19% used [0x0000000760000000,0x0000000763ef0360,0x0000000773e80000)
 Metaspace       used 84494K, capacity 96638K, committed 97280K, reserved 1134592K
  class space    used 10806K, capacity 11629K, committed 12032K, reserved 1048576K
Event: 20166.508 GC heap after
Heap after GC invocations=185 (full 53):
 PSYoungGen      total 434688K, used 6928K [0x00000007a0000000, 0x00000007be100000, 0x00000007c0000000)
  eden space 411648K, 0% used [0x00000007a0000000,0x00000007a0000000,0x00000007b9200000)
  from space 23040K, 30% used [0x00000007bca80000,0x00000007bd144010,0x00000007be100000)
  to   space 40448K, 0% used [0x00000007b9200000,0x00000007b9200000,0x00000007bb980000)
 ParOldGen       total 326144K, used 64456K [0x0000000760000000, 0x0000000773e80000, 0x00000007a0000000)
  object space 326144K, 19% used [0x0000000760000000,0x0000000763ef2360,0x0000000773e80000)
 Metaspace       used 84494K, capacity 96638K, committed 97280K, reserved 1134592K
  class space    used 10806K, capacity 11629K, committed 12032K, reserved 1048576K
}
Event: 20168.092 GC heap before
{Heap before GC invocations=186 (full 53):
 PSYoungGen      total 434688K, used 180899K [0x00000007a0000000, 0x00000007be100000, 0x00000007c0000000)
  eden space 411648K, 42% used [0x00000007a0000000,0x00000007aa9e4c48,0x00000007b9200000)
  from space 23040K, 30% used [0x00000007bca80000,0x00000007bd144010,0x00000007be100000)
  to   space 40448K, 0% used [0x00000007b9200000,0x00000007b9200000,0x00000007bb980000)
 ParOldGen       total 326144K, used 64456K [0x0000000760000000, 0x0000000773e80000, 0x00000007a0000000)
  object space 326144K, 19% used [0x0000000760000000,0x0000000763ef2360,0x0000000773e80000)
 Metaspace       used 84760K, capacity 97090K, committed 97536K, reserved 1134592K
  class space    used 10844K, capacity 11749K, committed 12032K, reserved 1048576K
Event: 20168.099 GC heap after
Heap after GC invocations=186 (full 53):
 PSYoungGen      total 415232K, used 3118K [0x00000007a0000000, 0x00000007bdd00000, 0x00000007c0000000)
  eden space 411648K, 0% used [0x00000007a0000000,0x00000007a0000000,0x00000007b9200000)
  from space 3584K, 86% used [0x00000007b9200000,0x00000007b950b810,0x00000007b9580000)
  to   space 38400K, 0% used [0x00000007bb780000,0x00000007bb780000,0x00000007bdd00000)
 ParOldGen       total 326144K, used 64464K [0x0000000760000000, 0x0000000773e80000, 0x00000007a0000000)
  object space 326144K, 19% used [0x0000000760000000,0x0000000763ef4360,0x0000000773e80000)
 Metaspace       used 84760K, capacity 97090K, committed 97536K, reserved 1134592K
  class space    used 10844K, capacity 11749K, committed 12032K, reserved 1048576K
}
Event: 20168.099 GC heap before
{Heap before GC invocations=187 (full 54):
 PSYoungGen      total 415232K, used 3118K [0x00000007a0000000, 0x00000007bdd00000, 0x00000007c0000000)
  eden space 411648K, 0% used [0x00000007a0000000,0x00000007a0000000,0x00000007b9200000)
  from space 3584K, 86% used [0x00000007b9200000,0x00000007b950b810,0x00000007b9580000)
  to   space 38400K, 0% used [0x00000007bb780000,0x00000007bb780000,0x00000007bdd00000)
 ParOldGen       total 326144K, used 64464K [0x0000000760000000, 0x0000000773e80000, 0x00000007a0000000)
  object space 326144K, 19% used [0x0000000760000000,0x0000000763ef4360,0x0000000773e80000)
 Metaspace       used 84760K, capacity 97090K, committed 97536K, reserved 1134592K
  class space    used 10844K, capacity 11749K, committed 12032K, reserved 1048576K
Event: 20168.504 GC heap after
Heap after GC invocations=187 (full 54):
 PSYoungGen      total 415232K, used 0K [0x00000007a0000000, 0x00000007bdd00000, 0x00000007c0000000)
  eden space 411648K, 0% used [0x00000007a0000000,0x00000007a0000000,0x00000007b9200000)
  from space 3584K, 0% used [0x00000007b9200000,0x00000007b9200000,0x00000007b9580000)
  to   space 38400K, 0% used [0x00000007bb780000,0x00000007bb780000,0x00000007bdd00000)
 ParOldGen       total 326144K, used 46139K [0x0000000760000000, 0x0000000773e80000, 0x00000007a0000000)
  object space 326144K, 14% used [0x0000000760000000,0x0000000762d0ec78,0x0000000773e80000)
 Metaspace       used 81476K, capacity 91558K, committed 97536K, reserved 1134592K
  class space    used 10181K, capacity 10552K, committed 12032K, reserved 1048576K
}
Event: 20266.884 GC heap before
{Heap before GC invocations=188 (full 54):
 PSYoungGen      total 415232K, used 411648K [0x00000007a0000000, 0x00000007bdd00000, 0x00000007c0000000)
  eden space 411648K, 100% used [0x00000007a0000000,0x00000007b9200000,0x00000007b9200000)
  from space 3584K, 0% used [0x00000007b9200000,0x00000007b9200000,0x00000007b9580000)
  to   space 38400K, 0% used [0x00000007bb780000,0x00000007bb780000,0x00000007bdd00000)
 ParOldGen       total 326144K, used 46139K [0x0000000760000000, 0x0000000773e80000, 0x00000007a0000000)
  object space 326144K, 14% used [0x0000000760000000,0x0000000762d0ec78,0x0000000773e80000)
 Metaspace       used 81804K, capacity 92296K, committed 97536K, reserved 1134592K
  class space    used 10245K, capacity 10652K, committed 12032K, reserved 1048576K
Event: 20266.905 GC heap after
Heap after GC invocations=188 (full 54):
 PSYoungGen      total 450560K, used 14704K [0x00000007a0000000, 0x00000007be800000, 0x00000007c0000000)
  eden space 412160K, 0% used [0x00000007a0000000,0x00000007a0000000,0x00000007b9280000)
  from space 38400K, 38% used [0x00000007bb780000,0x00000007bc5dc010,0x00000007bdd00000)
  to   space 37888K, 0% used [0x00000007b9280000,0x00000007b9280000,0x00000007bb780000)
 ParOldGen       total 326144K, used 46139K [0x0000000760000000, 0x0000000773e80000, 0x00000007a0000000)
  object space 326144K, 14% used [0x0000000760000000,0x0000000762d0ec78,0x0000000773e80000)
 Metaspace       used 81804K, capacity 92296K, committed 97536K, reserved 1134592K
  class space    used 10245K, capacity 10652K, committed 12032K, reserved 1048576K
}

